<!DOCTYPE suite SYSTEM "http://testng.org/testng-1.0.dtd">
<suite name="Thread Count Test Suite" parallel="methods" data-provider-thread-count="5">
    
    <parameter name="browser.name" value="chrome"/>
    <parameter name="browser.headless" value="true"/>
    <parameter name="environment.name" value="qa"/>
    
    <!-- Test with specific thread count -->
    <parameter name="featuresPath" value="features/orangehrm-simple-tests.feature"/>
    <parameter name="stepDefPackages" value="com.orangehrm.stepdefs"/>
    
    <test name="Thread Count Test">
        <classes>
            <class name="com.testforge.cs.bdd.CSBDDRunner"/>
        </classes>
    </test>
    
</suite>