<!DOCTYPE suite SYSTEM "http://testng.org/testng-1.0.dtd">
<suite name="Test Navigation Suite" verbose="2">
    
    <parameter name="browser.name" value="chrome"/>
    <parameter name="browser.headless" value="true"/>
    <parameter name="environment.name" value="qa"/>
    
    <!-- Test navigation only -->
    <parameter name="cs.feature.path" value="features/test-navigation.feature"/>
    <parameter name="cs.step.packages" value="com.orangehrm.stepdefs"/>
    <parameter name="tags" value="@simple-nav"/>
    
    <test name="Navigation Test">
        <classes>
            <class name="com.testforge.cs.bdd.CSBDDRunner"/>
        </classes>
    </test>
    
</suite>