<!DOCTYPE suite SYSTEM "http://testng.org/testng-1.0.dtd">
<suite name="Test No Counts" parallel="methods">
    <!-- Test Case 4: Neither specified (should use application.properties thread.count=1) -->
    
    <parameter name="browser.name" value="chrome"/>
    <parameter name="browser.headless" value="true"/>
    <parameter name="environment.name" value="qa"/>
    <parameter name="featuresPath" value="features/orangehrm-simple-tests.feature"/>
    <parameter name="stepDefPackages" value="com.orangehrm.stepdefs"/>
    
    <test name="No Counts Test">
        <classes>
            <class name="com.testforge.cs.bdd.CSBDDRunner"/>
        </classes>
    </test>
</suite>