<!DOCTYPE suite SYSTEM "http://testng.org/testng-1.0.dtd">
<suite name="Test Both Counts" parallel="methods" thread-count="5" data-provider-thread-count="2">
    <!-- Test Case 3: Both specified (should use thread-count=5) -->
    
    <parameter name="browser.name" value="chrome"/>
    <parameter name="browser.headless" value="true"/>
    <parameter name="environment.name" value="qa"/>
    <parameter name="featuresPath" value="features/orangehrm-simple-tests.feature"/>
    <parameter name="stepDefPackages" value="com.orangehrm.stepdefs"/>
    
    <test name="Both Counts Test">
        <classes>
            <class name="com.testforge.cs.bdd.CSBDDRunner"/>
        </classes>
    </test>
</suite>