<!DOCTYPE suite SYSTEM "http://testng.org/testng-1.0.dtd">
<suite name="Test Data Provider Count Only" parallel="methods" data-provider-thread-count="4">
    <!-- Test Case 2: Only data-provider-thread-count specified (should use 4) -->
    
    <parameter name="browser.name" value="chrome"/>
    <parameter name="browser.headless" value="true"/>
    <parameter name="environment.name" value="qa"/>
    <parameter name="featuresPath" value="features/orangehrm-simple-tests.feature"/>
    <parameter name="stepDefPackages" value="com.orangehrm.stepdefs"/>
    
    <test name="Data Provider Thread Count Test">
        <classes>
            <class name="com.testforge.cs.bdd.CSBDDRunner"/>
        </classes>
    </test>
</suite>