<!DOCTYPE suite SYSTEM "http://testng.org/testng-1.0.dtd">
<suite name="Test Thread Count Only" parallel="methods" thread-count="3">
    <!-- Test Case 1: Only thread-count specified (should use 3) -->
    
    <parameter name="browser.name" value="chrome"/>
    <parameter name="browser.headless" value="true"/>
    <parameter name="environment.name" value="qa"/>
    <parameter name="featuresPath" value="features/orangehrm-simple-tests.feature"/>
    <parameter name="stepDefPackages" value="com.orangehrm.stepdefs"/>
    
    <test name="Thread Count Test">
        <classes>
            <class name="com.testforge.cs.bdd.CSBDDRunner"/>
        </classes>
    </test>
</suite>