<!DOCTYPE suite SYSTEM "http://testng.org/testng-1.0.dtd">
<suite name="Logo Test Suite" parallel="false">
    <test name="Logo Integration Test">
        <classes>
            <class name="com.testforge.cs.bdd.CSBDDRunner"/>
        </classes>
    </test>
</suite>
